0 info it worked if it ends with ok
1 verbose cli [ '/home/dx/.nvm/versions/node/v7.2.1/bin/node',
1 verbose cli   '/home/dx/.nvm/versions/node/v7.2.1/bin/npm',
1 verbose cli   'start' ]
2 info using npm@3.10.10
3 info using node@v7.2.1
4 verbose run-script [ 'prestart', 'start', 'poststart' ]
5 info lifecycle blogs@1.0.0~prestart: blogs@1.0.0
6 silly lifecycle blogs@1.0.0~prestart: no script for prestart, continuing
7 info lifecycle blogs@1.0.0~start: blogs@1.0.0
8 verbose lifecycle blogs@1.0.0~start: unsafe-perm in lifecycle true
9 verbose lifecycle blogs@1.0.0~start: PATH: /home/dx/.nvm/versions/node/v7.2.1/lib/node_modules/npm/bin/node-gyp-bin:/home/dx/app/刘华超/misliu.github.io/blog/node_modules/.bin:/home/dx/.nvm/versions/node/v7.2.1/bin:/home/dx/bin:/home/dx/.local/bin:/home/dx/bin:/home/dx/.local/bin:/usr/local/sbin:/usr/local/bin:/usr/sbin:/usr/bin:/sbin:/bin:/usr/games:/usr/local/games:/snap/bin:/snap/bin
10 verbose lifecycle blogs@1.0.0~start: CWD: /home/dx/app/刘华超/misliu.github.io/blog
11 silly lifecycle blogs@1.0.0~start: Args: [ '-c', 'python -m SimpleHTTPServer 10000' ]
12 silly lifecycle blogs@1.0.0~start: Returned: code: 1  signal: null
13 info lifecycle blogs@1.0.0~start: Failed to exec start script
14 verbose stack Error: blogs@1.0.0 start: `python -m SimpleHTTPServer 10000`
14 verbose stack Exit status 1
14 verbose stack     at EventEmitter.<anonymous> (/home/dx/.nvm/versions/node/v7.2.1/lib/node_modules/npm/lib/utils/lifecycle.js:255:16)
14 verbose stack     at emitTwo (events.js:106:13)
14 verbose stack     at EventEmitter.emit (events.js:191:7)
14 verbose stack     at ChildProcess.<anonymous> (/home/dx/.nvm/versions/node/v7.2.1/lib/node_modules/npm/lib/utils/spawn.js:40:14)
14 verbose stack     at emitTwo (events.js:106:13)
14 verbose stack     at ChildProcess.emit (events.js:191:7)
14 verbose stack     at maybeClose (internal/child_process.js:885:16)
14 verbose stack     at Process.ChildProcess._handle.onexit (internal/child_process.js:226:5)
15 verbose pkgid blogs@1.0.0
16 verbose cwd /home/dx/app/刘华超/misliu.github.io/blog/src
17 error Linux 4.8.0-41-generic
18 error argv "/home/dx/.nvm/versions/node/v7.2.1/bin/node" "/home/dx/.nvm/versions/node/v7.2.1/bin/npm" "start"
19 error node v7.2.1
20 error npm  v3.10.10
21 error code ELIFECYCLE
22 error blogs@1.0.0 start: `python -m SimpleHTTPServer 10000`
22 error Exit status 1
23 error Failed at the blogs@1.0.0 start script 'python -m SimpleHTTPServer 10000'.
23 error Make sure you have the latest version of node.js and npm installed.
23 error If you do, this is most likely a problem with the blogs package,
23 error not with npm itself.
23 error Tell the author that this fails on your system:
23 error     python -m SimpleHTTPServer 10000
23 error You can get information on how to open an issue for this project with:
23 error     npm bugs blogs
23 error Or if that isn't available, you can get their info via:
23 error     npm owner ls blogs
23 error There is likely additional logging output above.
24 verbose exit [ 1, true ]
